<?xml version="1.0" encoding="UTF-8"?>
<TestRun id="a1ebfc8b-8d11-4f47-a76b-178541d715e6" name="Rabarbers@MODA 2011-05-25 00:22:26" runUser="Moda\Rabarbers" xmlns="http://microsoft.com/schemas/VisualStudio/TeamTest/2010">
  <TestSettings name="Local" id="bdf382ca-5bce-47e3-bbdb-dbd78b5c73b9">
    <Description>These are default test settings for a local test run.</Description>
    <Deployment enabled="false" runDeploymentRoot="Rabarbers_MODA 2011-05-25 00_22_26">
      <DeploymentItem filename="D:\GitStatisLast\StatisServiceContracts\bin\Debug\StatisServiceContracts.dll" />
      <DeploymentItem filename="C:\Program Files (x86)\db4o\db4o-8.1\bin\net-4.0\Db4objects.Db4o.dll" />
      <DeploymentItem filename="C:\Program Files (x86)\db4o\db4o-8.1\bin\net-4.0\Db4objects.Db4o.Linq.dll" />
      <DeploymentItem filename="D:\GitStatisLast\StatisServiceHost\bin\Debug\StatisServiceHost.exe" />
    </Deployment>
    <Execution>
      <TestTypeSpecific />
      <AgentRule name="Execution Agents">
      </AgentRule>
    </Execution>
  </TestSettings>
  <Times creation="2011-05-25T00:22:26.1293081+03:00" queuing="2011-05-25T00:22:26.3133187+03:00" start="2011-05-25T00:22:26.3583212+03:00" finish="2011-05-25T00:22:28.3014324+03:00" />
  <ResultSummary outcome="Failed">
    <Counters total="1" executed="1" error="0" failed="1" timeout="0" aborted="0" inconclusive="0" passedButRunAborted="0" notRunnable="0" notExecuted="0" disconnected="0" warning="0" passed="0" completed="0" inProgress="0" pending="0" />
  </ResultSummary>
  <TestDefinitions>
    <UnitTest name="TestStatisServiceMethodGetQuestionnaire" storage="d:\gitstatislast\statisservicetests\bin\debug\statisservicetests.dll" id="b79cb0fc-e2d7-7180-07f8-36d4935e8fcf">
      <Execution id="89ec7061-740c-4f4e-a42d-9790b8115f14" />
      <TestMethod codeBase="D:/GitStatisLast/StatisServiceTests/bin/Debug/StatisServiceTests.DLL" adapterTypeName="Microsoft.VisualStudio.TestTools.TestTypes.Unit.UnitTestAdapter, Microsoft.VisualStudio.QualityTools.Tips.UnitTest.Adapter, Version=10.0.0.0, Culture=neutral, PublicKeyToken=b03f5f7f11d50a3a" className="StatisServiceTests.UnitTest1, StatisServiceTests, Version=1.0.0.0, Culture=neutral, PublicKeyToken=null" name="TestStatisServiceMethodGetQuestionnaire" />
    </UnitTest>
  </TestDefinitions>
  <TestLists>
    <TestList name="Results Not in a List" id="8c84fa94-04c1-424b-9868-57a2d4851a1d" />
    <TestList name="All Loaded Results" id="19431567-8539-422a-85d7-44ee4e166bda" />
  </TestLists>
  <TestEntries>
    <TestEntry testId="b79cb0fc-e2d7-7180-07f8-36d4935e8fcf" executionId="89ec7061-740c-4f4e-a42d-9790b8115f14" testListId="8c84fa94-04c1-424b-9868-57a2d4851a1d" />
  </TestEntries>
  <Results>
    <UnitTestResult executionId="89ec7061-740c-4f4e-a42d-9790b8115f14" testId="b79cb0fc-e2d7-7180-07f8-36d4935e8fcf" testName="TestStatisServiceMethodGetQuestionnaire" computerName="MODA" duration="00:00:01.3268417" startTime="2011-05-25T00:22:26.3703219+03:00" endTime="2011-05-25T00:22:28.2684305+03:00" testType="13cdc9d9-ddb5-4fa4-a97d-d965ccfc6d4b" outcome="Failed" testListId="8c84fa94-04c1-424b-9868-57a2d4851a1d" relativeResultsDirectory="89ec7061-740c-4f4e-a42d-9790b8115f14">
      <Output>
        <ErrorInfo>
          <Message>Assert.AreEqual failed. Expected:&lt;308cfce4-f56c-47c7-985d-6f940c7539aa&gt;. Actual:&lt;d0c5cd04-7d05-418f-a4eb-1bc23a232824&gt;. Service and db contains questionnaires with different ID properties.</Message>
          <StackTrace>   at StatisServiceTests.UnitTest1.TestStatisServiceMethodGetQuestionnaire() in D:\GitStatisLast\StatisServiceTests\UnitTest1.cs:line 131
</StackTrace>
        </ErrorInfo>
      </Output>
    </UnitTestResult>
  </Results>
</TestRun>