<?xml version="1.0" encoding="UTF-8"?>
<TestRun id="f4e12c1e-f0a9-44b5-bf4c-78d8d8996ca3" name="Rabarbers@MODA 2011-05-25 00:09:50" runUser="Moda\Rabarbers" xmlns="http://microsoft.com/schemas/VisualStudio/TeamTest/2010">
  <TestSettings name="Local" id="bdf382ca-5bce-47e3-bbdb-dbd78b5c73b9">
    <Description>These are default test settings for a local test run.</Description>
    <Deployment enabled="false" runDeploymentRoot="Rabarbers_MODA 2011-05-25 00_09_50">
      <DeploymentItem filename="D:\GitStatisLast\StatisServiceContracts\bin\Debug\StatisServiceContracts.dll" />
      <DeploymentItem filename="C:\Program Files (x86)\db4o\db4o-8.1\bin\net-4.0\Db4objects.Db4o.dll" />
      <DeploymentItem filename="C:\Program Files (x86)\db4o\db4o-8.1\bin\net-4.0\Db4objects.Db4o.Linq.dll" />
      <DeploymentItem filename="D:\GitStatisLast\StatisServiceHost\bin\Debug\StatisServiceHost.exe" />
    </Deployment>
    <Execution>
      <TestTypeSpecific />
      <AgentRule name="Execution Agents">
      </AgentRule>
    </Execution>
  </TestSettings>
  <Times creation="2011-05-25T00:09:50.2690754+03:00" queuing="2011-05-25T00:09:50.2800760+03:00" start="2011-05-25T00:09:50.2870764+03:00" finish="2011-05-25T00:09:52.2261874+03:00" />
  <ResultSummary outcome="Failed">
    <Counters total="1" executed="1" error="0" failed="1" timeout="0" aborted="0" inconclusive="0" passedButRunAborted="0" notRunnable="0" notExecuted="0" disconnected="0" warning="0" passed="0" completed="0" inProgress="0" pending="0" />
  </ResultSummary>
  <TestDefinitions>
    <UnitTest name="TestStatisServiceMethodGetQuestionnaire" storage="d:\gitstatislast\statisservicetests\bin\debug\statisservicetests.dll" id="b79cb0fc-e2d7-7180-07f8-36d4935e8fcf">
      <Execution id="83d80968-9c8c-4b79-a0f2-9328c50817ee" />
      <TestMethod codeBase="D:/GitStatisLast/StatisServiceTests/bin/Debug/StatisServiceTests.DLL" adapterTypeName="Microsoft.VisualStudio.TestTools.TestTypes.Unit.UnitTestAdapter, Microsoft.VisualStudio.QualityTools.Tips.UnitTest.Adapter, Version=10.0.0.0, Culture=neutral, PublicKeyToken=b03f5f7f11d50a3a" className="StatisServiceTests.UnitTest1, StatisServiceTests, Version=1.0.0.0, Culture=neutral, PublicKeyToken=null" name="TestStatisServiceMethodGetQuestionnaire" />
    </UnitTest>
  </TestDefinitions>
  <TestLists>
    <TestList name="Results Not in a List" id="8c84fa94-04c1-424b-9868-57a2d4851a1d" />
    <TestList name="All Loaded Results" id="19431567-8539-422a-85d7-44ee4e166bda" />
  </TestLists>
  <TestEntries>
    <TestEntry testId="b79cb0fc-e2d7-7180-07f8-36d4935e8fcf" executionId="83d80968-9c8c-4b79-a0f2-9328c50817ee" testListId="8c84fa94-04c1-424b-9868-57a2d4851a1d" />
  </TestEntries>
  <Results>
    <UnitTestResult executionId="83d80968-9c8c-4b79-a0f2-9328c50817ee" testId="b79cb0fc-e2d7-7180-07f8-36d4935e8fcf" testName="TestStatisServiceMethodGetQuestionnaire" computerName="MODA" duration="00:00:00.9686845" startTime="2011-05-25T00:09:50.2910767+03:00" endTime="2011-05-25T00:09:51.5781503+03:00" testType="13cdc9d9-ddb5-4fa4-a97d-d965ccfc6d4b" outcome="Failed" testListId="8c84fa94-04c1-424b-9868-57a2d4851a1d" relativeResultsDirectory="83d80968-9c8c-4b79-a0f2-9328c50817ee">
      <Output>
        <ErrorInfo>
          <Message>Assert.IsNotNull failed. DB does not contain requested questionnaire.</Message>
          <StackTrace>   at StatisServiceTests.UnitTest1.TestStatisServiceMethodGetQuestionnaire() in D:\GitStatisLast\StatisServiceTests\UnitTest1.cs:line 119
</StackTrace>
        </ErrorInfo>
      </Output>
    </UnitTestResult>
  </Results>
</TestRun>