<?xml version="1.0" encoding="UTF-8"?>
<TestRun id="213cb8af-3be7-41f1-a4a4-bd782ce70716" name="Rabarbers@MODA 2011-05-26 05:18:21" runUser="Moda\Rabarbers" xmlns="http://microsoft.com/schemas/VisualStudio/TeamTest/2010">
  <TestSettings name="Local" id="bdf382ca-5bce-47e3-bbdb-dbd78b5c73b9">
    <Description>These are default test settings for a local test run.</Description>
    <Deployment enabled="false" runDeploymentRoot="Rabarbers_MODA 2011-05-26 05_18_21">
      <DeploymentItem filename="C:\Program Files (x86)\db4o\db4o-8.1\bin\net-4.0\Db4objects.Db4o.dll" />
      <DeploymentItem filename="D:\GitStatisLast\StatisServiceContracts\bin\Debug\StatisServiceContracts.dll" />
      <DeploymentItem filename="C:\Program Files (x86)\db4o\db4o-8.1\bin\net-4.0\Db4objects.Db4o.Linq.dll" />
      <DeploymentItem filename="D:\GitStatisLast\StatisServiceHost\bin\Debug\StatisServiceHost.exe" />
    </Deployment>
    <Execution>
      <TestTypeSpecific />
      <AgentRule name="Execution Agents">
      </AgentRule>
    </Execution>
  </TestSettings>
  <Times creation="2011-05-26T05:18:21.0571513+03:00" queuing="2011-05-26T05:18:22.1152118+03:00" start="2011-05-26T05:18:22.1962165+03:00" finish="2011-05-26T05:18:24.1473281+03:00" />
  <ResultSummary outcome="Failed">
    <Counters total="1" executed="1" error="0" failed="1" timeout="0" aborted="0" inconclusive="0" passedButRunAborted="0" notRunnable="0" notExecuted="0" disconnected="0" warning="0" passed="0" completed="0" inProgress="0" pending="0" />
  </ResultSummary>
  <TestDefinitions>
    <UnitTest name="TestStatisServiceMethodGetQuestionnaire" storage="d:\gitstatislast\statisservicetests\bin\debug\statisservicetests.dll" id="b79cb0fc-e2d7-7180-07f8-36d4935e8fcf">
      <Execution id="fa76b11a-68be-4da4-82ff-cd9605af39e1" />
      <TestMethod codeBase="D:/GitStatisLast/StatisServiceTests/bin/Debug/StatisServiceTests.DLL" adapterTypeName="Microsoft.VisualStudio.TestTools.TestTypes.Unit.UnitTestAdapter, Microsoft.VisualStudio.QualityTools.Tips.UnitTest.Adapter, Version=10.0.0.0, Culture=neutral, PublicKeyToken=b03f5f7f11d50a3a" className="StatisServiceTests.UnitTest1, StatisServiceTests, Version=1.0.0.0, Culture=neutral, PublicKeyToken=null" name="TestStatisServiceMethodGetQuestionnaire" />
    </UnitTest>
  </TestDefinitions>
  <TestLists>
    <TestList name="Results Not in a List" id="8c84fa94-04c1-424b-9868-57a2d4851a1d" />
    <TestList name="All Loaded Results" id="19431567-8539-422a-85d7-44ee4e166bda" />
  </TestLists>
  <TestEntries>
    <TestEntry testId="b79cb0fc-e2d7-7180-07f8-36d4935e8fcf" executionId="fa76b11a-68be-4da4-82ff-cd9605af39e1" testListId="8c84fa94-04c1-424b-9868-57a2d4851a1d" />
  </TestEntries>
  <Results>
    <UnitTestResult executionId="fa76b11a-68be-4da4-82ff-cd9605af39e1" testId="b79cb0fc-e2d7-7180-07f8-36d4935e8fcf" testName="TestStatisServiceMethodGetQuestionnaire" computerName="MODA" duration="00:00:01.0307085" startTime="2011-05-26T05:18:22.2312185+03:00" endTime="2011-05-26T05:18:24.0593230+03:00" testType="13cdc9d9-ddb5-4fa4-a97d-d965ccfc6d4b" outcome="Failed" testListId="8c84fa94-04c1-424b-9868-57a2d4851a1d" relativeResultsDirectory="fa76b11a-68be-4da4-82ff-cd9605af39e1">
      <Output>
        <ErrorInfo>
          <Message>Test method StatisServiceTests.UnitTest1.TestStatisServiceMethodGetQuestionnaire threw exception: 
System.InvalidOperationException: An endpoint configuration section for contract 'StatisService.IQuestionnaireAdministrativeService' could not be loaded because more than one endpoint configuration for that contract was found. Please indicate the preferred endpoint configuration section by name.</Message>
          <StackTrace>    at System.ServiceModel.Description.ConfigLoader.LookupChannel(ContextInformation configurationContext, String configurationName, ContractDescription contract, EndpointAddress address, Boolean wildcard, Boolean useChannelElementKind, ServiceEndpoint&amp; serviceEndpoint)
   at System.ServiceModel.ChannelFactory.InitializeEndpoint(String configurationName, EndpointAddress address)
   at System.ServiceModel.ChannelFactory`1..ctor(String endpointConfigurationName, EndpointAddress remoteAddress)
   at System.ServiceModel.EndpointTrait`1.CreateSimplexFactory()
   at System.ServiceModel.ClientBase`1.CreateChannelFactoryRef(EndpointTrait`1 endpointTrait)
   at System.ServiceModel.ClientBase`1.InitializeChannelFactoryRef()
   at System.ServiceModel.ClientBase`1..ctor()
   at StatisServiceTests.StatisService.QuestionnaireAdministrativeServiceClient..ctor() in D:\GitStatisLast\StatisServiceTests\Service References\StatisService\Reference.cs:line 180
   at StatisServiceTests.UnitTest1.TestStatisServiceMethodGetQuestionnaire() in D:\GitStatisLast\StatisServiceTests\UnitTest1.cs:line 124
</StackTrace>
        </ErrorInfo>
      </Output>
    </UnitTestResult>
  </Results>
</TestRun>